This is XeTeX, Version 3.14159265-2.6-0.99998 (TeX Live 2017) (preloaded format=xelatex 2017.9.14)  17 APR 2018 15:00
entering extended mode
 restricted \write18 enabled.
 %&-line parsing enabled.
**bare_jrnl.tex
(./bare_jrnl.tex
LaTeX2e <2017-04-15>
Babel <3.10> and hyphenation patterns for 45 language(s) loaded.
(./IEEEtran.cls
Document Class: IEEEtran 2015/08/26 V1.8b by Michael Shell
-- See the "IEEEtran_HOWTO" manual for usage information.
-- http://www.michaelshell.org/tex/ieeetran/
\@IEEEtrantmpdimenA=\dimen102
\@IEEEtrantmpdimenB=\dimen103
\@IEEEtrantmpdimenC=\dimen104
\@IEEEtrantmpcountA=\count79
\@IEEEtrantmpcountB=\count80
\@IEEEtrantmpcountC=\count81
\@IEEEtrantmptoksA=\toks14
LaTeX Font Info:    Try loading font information for TU+ptm on input line 503.
LaTeX Font Info:    No file TUptm.fd. on input line 503.

LaTeX Font Warning: Font shape `TU/ptm/m/n' undefined
(Font)              using `TU/lmr/m/n' instead on input line 503.

-- Using 8.5in x 11in (letter) paper.
-- Using DVI output.
\@IEEEnormalsizeunitybaselineskip=\dimen105
-- This is a 10 point document.
\CLASSINFOnormalsizebaselineskip=\dimen106
\CLASSINFOnormalsizeunitybaselineskip=\dimen107
\IEEEnormaljot=\dimen108

LaTeX Font Warning: Font shape `TU/ptm/bx/n' undefined
(Font)              using `TU/ptm/m/n' instead on input line 1090.


LaTeX Font Warning: Font shape `TU/ptm/m/it' undefined
(Font)              using `TU/ptm/m/n' instead on input line 1090.


LaTeX Font Warning: Font shape `TU/ptm/bx/it' undefined
(Font)              using `TU/ptm/bx/n' instead on input line 1090.

\IEEEquantizedlength=\dimen109
\IEEEquantizedlengthdiff=\dimen110
\IEEEquantizedtextheightdiff=\dimen111
\IEEEilabelindentA=\dimen112
\IEEEilabelindentB=\dimen113
\IEEEilabelindent=\dimen114
\IEEEelabelindent=\dimen115
\IEEEdlabelindent=\dimen116
\IEEElabelindent=\dimen117
\IEEEiednormlabelsep=\dimen118
\IEEEiedmathlabelsep=\dimen119
\IEEEiedtopsep=\skip41
\c@section=\count82
\c@subsection=\count83
\c@subsubsection=\count84
\c@paragraph=\count85
\c@IEEEsubequation=\count86
\abovecaptionskip=\skip42
\belowcaptionskip=\skip43
\c@figure=\count87
\c@table=\count88
\@IEEEeqnnumcols=\count89
\@IEEEeqncolcnt=\count90
\@IEEEsubeqnnumrollback=\count91
\@IEEEquantizeheightA=\dimen120
\@IEEEquantizeheightB=\dimen121
\@IEEEquantizeheightC=\dimen122
\@IEEEquantizeprevdepth=\dimen123
\@IEEEquantizemultiple=\count92
\@IEEEquantizeboxA=\box26
\@IEEEtmpitemindent=\dimen124
\IEEEPARstartletwidth=\dimen125
\c@IEEEbiography=\count93
\@IEEEtranrubishbin=\box27
)
No file bare_jrnl.aux.
\openout1 = `bare_jrnl.aux'.

LaTeX Font Info:    Checking defaults for OML/cmm/m/it on input line 353.
LaTeX Font Info:    ... okay on input line 353.
LaTeX Font Info:    Checking defaults for T1/cmr/m/n on input line 353.
LaTeX Font Info:    ... okay on input line 353.
LaTeX Font Info:    Checking defaults for OT1/cmr/m/n on input line 353.
LaTeX Font Info:    ... okay on input line 353.
LaTeX Font Info:    Checking defaults for OMS/cmsy/m/n on input line 353.
LaTeX Font Info:    ... okay on input line 353.
LaTeX Font Info:    Checking defaults for TU/lmr/m/n on input line 353.
LaTeX Font Info:    ... okay on input line 353.
LaTeX Font Info:    Checking defaults for OMX/cmex/m/n on input line 353.
LaTeX Font Info:    ... okay on input line 353.
LaTeX Font Info:    Checking defaults for U/cmr/m/n on input line 353.
LaTeX Font Info:    ... okay on input line 353.
-- Lines per column: 58 (exact).
LaTeX Font Info:    External font `cmex10' loaded for size
(Font)              <9> on input line 441.
LaTeX Font Info:    External font `cmex10' loaded for size
(Font)              <6> on input line 441.
LaTeX Font Info:    External font `cmex10' loaded for size
(Font)              <5> on input line 441.

LaTeX Font Warning: Font shape `TU/ptm/m/sc' undefined
(Font)              using `TU/ptm/m/n' instead on input line 461.

LaTeX Font Info:    External font `cmex10' loaded for size
(Font)              <7> on input line 478.
LaTeX Font Info:    External font `cmex10' loaded for size
(Font)              <8> on input line 667.
[1


] (./bare_jrnl.aux)

LaTeX Font Warning: Some font shapes were not available, defaults substituted.


LaTeX Warning: Label(s) may have changed. Rerun to get cross-references right.

 ) 
Here is how much of TeX's memory you used:
 1025 strings out of 493613
 19088 string characters out of 6152674
 84676 words of memory out of 5000000
 4986 multiletter control sequences out of 15000+600000
 6479 words of font info for 36 fonts, out of 8000000 for 9000
 1053 hyphenation exceptions out of 8191
 24i,8n,28p,204b,214s stack positions out of 5000i,500n,10000p,200000b,80000s

Output written on bare_jrnl.pdf (1 page).
